Using pre-set license
Built from '2020.3/staging' branch; Version is '2020.3.11f1 (99c7afb366b3) revision 10078127'; Using compiler version '192528614'; Build Type 'Release'
OS: 'Windows 10 Pro; OS build 19043.985; Version 2009; 64bit' Language: 'en' Physical Memory: 16323 MB
BatchMode: 1, IsHumanControllingUs: 0, StartBugReporterOnCrash: 0, Is64bit: 1, IsPro: 0

 COMMAND LINE ARGUMENTS:
C:\Program Files\Unity\Hub\Editor\2020.3.11f1\Editor\Unity.exe
-adb2
-batchMode
-noUpm
-name
AssetImportWorker0
-projectPath
C:/Users/derpy/Documents/GameJam2021/BeanWare
-logFile
Logs/AssetImportWorker0.log
-srvPort
50798
Successfully changed project path to: C:/Users/derpy/Documents/GameJam2021/BeanWare
C:/Users/derpy/Documents/GameJam2021/BeanWare
Using Asset Import Pipeline V2.
Refreshing native plugins compatible for Editor in 30.27 ms, found 3 plugins.
Preloading 0 native plugins for Editor in 0.00 ms.
Initialize engine version: 2020.3.11f1 (99c7afb366b3)
[Subsystems] Discovering subsystems at path C:/Program Files/Unity/Hub/Editor/2020.3.11f1/Editor/Data/Resources/UnitySubsystems
[Subsystems] Discovering subsystems at path C:/Users/derpy/Documents/GameJam2021/BeanWare/Assets
GfxDevice: creating device client; threaded=0
Direct3D:
    Version:  Direct3D 11.0 [level 11.1]
    Renderer: NVIDIA GeForce RTX 3060 Ti (ID=0x2486)
    Vendor:   
    VRAM:     8050 MB
    Driver:   27.21.14.6647
Initialize mono
Mono path[0] = 'C:/Program Files/Unity/Hub/Editor/2020.3.11f1/Editor/Data/Managed'
Mono path[1] = 'C:/Program Files/Unity/Hub/Editor/2020.3.11f1/Editor/Data/MonoBleedingEdge/lib/mono/unityjit'
Mono config path = 'C:/Program Files/Unity/Hub/Editor/2020.3.11f1/Editor/Data/MonoBleedingEdge/etc'
Using monoOptions --debugger-agent=transport=dt_socket,embedding=1,server=y,suspend=n,address=127.0.0.1:56588
Begin MonoManager ReloadAssembly
Registering precompiled unity dll's ...
Register platform support module: C:/Program Files/Unity/Hub/Editor/2020.3.11f1/Editor/Data/PlaybackEngines/WindowsStandaloneSupport/UnityEditor.WindowsStandalone.Extensions.dll
Registered in 0.001624 seconds.
Native extension for WindowsStandalone target not found
Refreshing native plugins compatible for Editor in 31.31 ms, found 3 plugins.
Preloading 0 native plugins for Editor in 0.00 ms.
Mono: successfully reloaded assembly
- Completed reload, in  0.802 seconds
Platform modules already initialized, skipping
Registering precompiled user dll's ...
Registered in 0.003606 seconds.
Begin MonoManager ReloadAssembly
Native extension for WindowsStandalone target not found
Refreshing native plugins compatible for Editor in 29.93 ms, found 3 plugins.
Preloading 0 native plugins for Editor in 0.00 ms.
Mono: successfully reloaded assembly
- Completed reload, in  0.837 seconds
Platform modules already initialized, skipping
========================================================================
Worker process is ready to serve import requests
Launched and connected shader compiler UnityShaderCompiler.exe after 0.04 seconds
Refreshing native plugins compatible for Editor in 0.32 ms, found 3 plugins.
Preloading 0 native plugins for Editor in 0.00 ms.
Unloading 2080 Unused Serialized files (Serialized files now loaded: 0)
System memory in use before: 92.8 MB.
System memory in use after: 92.8 MB.

Unloading 33 unused Assets to reduce memory usage. Loaded Objects now: 2513.
Total: 1.671600 ms (FindLiveObjects: 0.151000 ms CreateObjectMapping: 0.067600 ms MarkObjects: 1.355700 ms  DeleteObjects: 0.096600 ms)

========================================================================
Received Import Request.
  path: Assets/Scripts
  artifactKey: Guid(fa82075669f413c42a51f2695ee0de02) Importer(815301076,1909f56bfc062723c751e8b465ee728b)
Start importing Assets/Scripts using Guid(fa82075669f413c42a51f2695ee0de02) Importer(815301076,1909f56bfc062723c751e8b465ee728b)  -> (artifact id: '10cdaec24dc4767210ccab38bcde2df6') in 0.006933 seconds
  Import took 0.009165 seconds .

========================================================================
Received Import Request.
  Time since last request: 0.000188 seconds.
  path: Assets/Scenes
  artifactKey: Guid(d9eaf874e672e524fb632e95356163dc) Importer(815301076,1909f56bfc062723c751e8b465ee728b)
Start importing Assets/Scenes using Guid(d9eaf874e672e524fb632e95356163dc) Importer(815301076,1909f56bfc062723c751e8b465ee728b)  -> (artifact id: '1cba51f5bff01db05d1aefa198949949') in 0.004511 seconds
  Import took 0.006694 seconds .

========================================================================
Received Import Request.
  Time since last request: 13.282661 seconds.
  path: Assets
  artifactKey: Guid(00000000000000001000000000000000) Importer(815301076,1909f56bfc062723c751e8b465ee728b)
Start importing Assets using Guid(00000000000000001000000000000000) Importer(815301076,1909f56bfc062723c751e8b465ee728b)  -> (artifact id: '42d402b061de3733987d63b9cc3b64de') in 0.005209 seconds
  Import took 0.007575 seconds .

========================================================================
Received Import Request.
  Time since last request: 35.957974 seconds.
  path: Assets/oldbeancode
  artifactKey: Guid(8ad9fa2d1e102944ba5a8095c7180422) Importer(815301076,1909f56bfc062723c751e8b465ee728b)
Start importing Assets/oldbeancode using Guid(8ad9fa2d1e102944ba5a8095c7180422) Importer(815301076,1909f56bfc062723c751e8b465ee728b)  -> (artifact id: 'f3b412c25b6b3f526932ccc35fa02ad1') in 0.005426 seconds
  Import took 0.007884 seconds .

========================================================================
Received Import Request.
  Time since last request: 1.642675 seconds.
  path: Assets/beancode
  artifactKey: Guid(c999c00af6a4d4f4386c2fe945abe375) Importer(815301076,1909f56bfc062723c751e8b465ee728b)
Start importing Assets/beancode using Guid(c999c00af6a4d4f4386c2fe945abe375) Importer(815301076,1909f56bfc062723c751e8b465ee728b)  -> (artifact id: '16b18c53a1ecf148cc4dfaed43c21838') in 0.005158 seconds
  Import took 0.007476 seconds .

========================================================================
Received Prepare
Registering precompiled user dll's ...
Registered in 0.004492 seconds.
Begin MonoManager ReloadAssembly
Native extension for WindowsStandalone target not found
Refreshing native plugins compatible for Editor in 0.37 ms, found 3 plugins.
Preloading 0 native plugins for Editor in 0.00 ms.
Mono: successfully reloaded assembly
- Completed reload, in  0.790 seconds
Platform modules already initialized, skipping
Refreshing native plugins compatible for Editor in 0.37 ms, found 3 plugins.
Preloading 0 native plugins for Editor in 0.00 ms.
Unloading 2235 Unused Serialized files (Serialized files now loaded: 0)
System memory in use before: 98.6 MB.
System memory in use after: 98.2 MB.

Unloading 26 unused Assets to reduce memory usage. Loaded Objects now: 2672.
Total: 1.744500 ms (FindLiveObjects: 0.155000 ms CreateObjectMapping: 0.071400 ms MarkObjects: 1.308400 ms  DeleteObjects: 0.208800 ms)

========================================================================
Received Import Request.
  Time since last request: 148.806436 seconds.
  path: Assets/_TerrainAutoUpgrade
  artifactKey: Guid(1857f82d22017b64aafc6b629d985316) Importer(815301076,1909f56bfc062723c751e8b465ee728b)
Start importing Assets/_TerrainAutoUpgrade using Guid(1857f82d22017b64aafc6b629d985316) Importer(815301076,1909f56bfc062723c751e8b465ee728b)  -> (artifact id: 'fd24f8bcc3b2e8799167f1beadf0277a') in 0.006836 seconds
  Import took 0.009413 seconds .

========================================================================
Received Import Request.
  Time since last request: 0.001586 seconds.
  path: Assets/_TerrainAutoUpgrade
  artifactKey: Guid(1857f82d22017b64aafc6b629d985316) Importer(815301076,1909f56bfc062723c751e8b465ee728b)
Start importing Assets/_TerrainAutoUpgrade using Guid(1857f82d22017b64aafc6b629d985316) Importer(815301076,1909f56bfc062723c751e8b465ee728b)  -> (artifact id: 'fd24f8bcc3b2e8799167f1beadf0277a') in 0.001644 seconds
  Import took 0.004178 seconds .

========================================================================
Received Import Request.
  Time since last request: 8.912463 seconds.
  path: Assets/_oldbeancode
  artifactKey: Guid(8ad9fa2d1e102944ba5a8095c7180422) Importer(815301076,1909f56bfc062723c751e8b465ee728b)
Start importing Assets/_oldbeancode using Guid(8ad9fa2d1e102944ba5a8095c7180422) Importer(815301076,1909f56bfc062723c751e8b465ee728b)  -> (artifact id: '3d265c076a1e41aba33f3fc3c8b22511') in 0.005649 seconds
  Import took 0.008474 seconds .

========================================================================
Received Prepare
Registering precompiled user dll's ...
Registered in 0.003560 seconds.
Begin MonoManager ReloadAssembly
Native extension for WindowsStandalone target not found
Refreshing native plugins compatible for Editor in 0.37 ms, found 3 plugins.
Preloading 0 native plugins for Editor in 0.00 ms.
Mono: successfully reloaded assembly
- Completed reload, in  0.761 seconds
Platform modules already initialized, skipping
Refreshing native plugins compatible for Editor in 0.36 ms, found 3 plugins.
Preloading 0 native plugins for Editor in 0.00 ms.
Unloading 2234 Unused Serialized files (Serialized files now loaded: 0)
System memory in use before: 98.5 MB.
System memory in use after: 98.2 MB.

Unloading 26 unused Assets to reduce memory usage. Loaded Objects now: 2676.
Total: 1.849400 ms (FindLiveObjects: 0.161100 ms CreateObjectMapping: 0.076700 ms MarkObjects: 1.369200 ms  DeleteObjects: 0.241400 ms)

========================================================================
Received Import Request.
  Time since last request: 3.013697 seconds.
  path: Assets/AstarPathfindingProject
  artifactKey: Guid(202eec3b8c95d014dad53a01a600c065) Importer(815301076,1909f56bfc062723c751e8b465ee728b)
Start importing Assets/AstarPathfindingProject using Guid(202eec3b8c95d014dad53a01a600c065) Importer(815301076,1909f56bfc062723c751e8b465ee728b)  -> (artifact id: '8e59f2062e7f8d3f590b0385feba0620') in 0.006924 seconds
  Import took 0.009310 seconds .

AssetImportWorkerClient::OnTransportError - code=2 error=End of file
